0 info it worked if it ends with ok
1 verbose cli [ 'C:\\Program Files\\nodejs\\\\node.exe',
1 verbose cli   'C:\\Program Files\\nodejs\\node_modules\\npm\\bin\\npm-cli.js',
1 verbose cli   'install',
1 verbose cli   'module.js' ]
2 info using npm@1.4.28
3 info using node@v0.10.33
4 verbose node symlink C:\Program Files\nodejs\\node.exe
5 verbose readDependencies using package.json deps
6 verbose cache add [ 'module.js', null ]
7 verbose cache add name=undefined spec="module.js" args=["module.js",null]
8 verbose parsed url { protocol: null,
8 verbose parsed url   slashes: null,
8 verbose parsed url   auth: null,
8 verbose parsed url   host: null,
8 verbose parsed url   port: null,
8 verbose parsed url   hostname: null,
8 verbose parsed url   hash: null,
8 verbose parsed url   search: null,
8 verbose parsed url   query: null,
8 verbose parsed url   pathname: 'module.js',
8 verbose parsed url   path: 'module.js',
8 verbose parsed url   href: 'module.js' }
9 silly lockFile 52c32688-module-js module.js
10 verbose lock module.js C:\Users\saul\AppData\Roaming\npm-cache\52c32688-module-js.lock
11 silly lockFile 52c32688-module-js module.js
12 silly lockFile 52c32688-module-js module.js
13 verbose addNamed [ 'module.js', '' ]
14 verbose addNamed [ null, '*' ]
15 silly lockFile fabb2285-module-js module.js@
16 verbose lock module.js@ C:\Users\saul\AppData\Roaming\npm-cache\fabb2285-module-js.lock
17 silly addNameRange { name: 'module.js', range: '*', hasData: false }
18 verbose request where is /module.js
19 verbose request registry https://registry.npmjs.org/
20 verbose request id 5a6140df2264976e
21 verbose url raw /module.js
22 verbose url resolving [ 'https://registry.npmjs.org/', './module.js' ]
23 verbose url resolved https://registry.npmjs.org/module.js
24 verbose request where is https://registry.npmjs.org/module.js
25 info trying registry request attempt 1 at 20:09:11
26 http GET https://registry.npmjs.org/module.js
27 http 404 https://registry.npmjs.org/module.js
28 verbose headers { date: 'Wed, 26 Nov 2014 01:09:05 GMT',
28 verbose headers   server: 'CouchDB/1.5.0 (Erlang OTP/R16B03)',
28 verbose headers   'content-type': 'application/json',
28 verbose headers   'cache-control': 'max-age=0',
28 verbose headers   'content-length': '52',
28 verbose headers   'accept-ranges': 'bytes',
28 verbose headers   via: '1.1 varnish',
28 verbose headers   age: '0',
28 verbose headers   'x-served-by': 'cache-iad2144-IAD',
28 verbose headers   'x-cache': 'MISS',
28 verbose headers   'x-cache-hits': '0',
28 verbose headers   'x-timer': 'S1416964145.434374,VS0,VE348',
28 verbose headers   'keep-alive': 'timeout=10, max=50',
28 verbose headers   connection: 'Keep-Alive' }
29 silly registry.get cb [ 404,
29 silly registry.get   { date: 'Wed, 26 Nov 2014 01:09:05 GMT',
29 silly registry.get     server: 'CouchDB/1.5.0 (Erlang OTP/R16B03)',
29 silly registry.get     'content-type': 'application/json',
29 silly registry.get     'cache-control': 'max-age=0',
29 silly registry.get     'content-length': '52',
29 silly registry.get     'accept-ranges': 'bytes',
29 silly registry.get     via: '1.1 varnish',
29 silly registry.get     age: '0',
29 silly registry.get     'x-served-by': 'cache-iad2144-IAD',
29 silly registry.get     'x-cache': 'MISS',
29 silly registry.get     'x-cache-hits': '0',
29 silly registry.get     'x-timer': 'S1416964145.434374,VS0,VE348',
29 silly registry.get     'keep-alive': 'timeout=10, max=50',
29 silly registry.get     connection: 'Keep-Alive' } ]
30 silly lockFile fabb2285-module-js module.js@
31 silly lockFile fabb2285-module-js module.js@
32 error 404 404 Not Found: module.js
32 error 404
32 error 404 'module.js' is not in the npm registry.
32 error 404 You should bug the author to publish it
32 error 404 It was specified as a dependency of 'inventory-dss'
32 error 404
32 error 404 Maybe try 'npm search module'
32 error 404
32 error 404 Note that you can also install from a
32 error 404 tarball, folder, or http url, or git url.
33 error System Windows_NT 6.1.7601
34 error command "C:\\Program Files\\nodejs\\\\node.exe" "C:\\Program Files\\nodejs\\node_modules\\npm\\bin\\npm-cli.js" "install" "module.js"
35 error cwd C:\project\is603-inventory-dss
36 error node -v v0.10.33
37 error npm -v 1.4.28
38 error code E404
39 verbose exit [ 1, true ]
